<?xml version="1.0" encoding="utf-8"?><testsuites name="pytest tests"><testsuite name="pytest" errors="0" failures="0" skipped="0" tests="4" time="4.536" timestamp="2026-03-25T23:23:52.103647+00:00" hostname="agent-env-bcd23d1c-74ca-4e85-b677-c7f9805de2f1"><testcase classname="backend.tests.test_temporary_password_delegate_auth.TestTemporaryPasswordDelegateAuth" name="test_new_delegate_login_with_temp_password_and_flag" time="0.906" /><testcase classname="backend.tests.test_temporary_password_delegate_auth.TestTemporaryPasswordDelegateAuth" name="test_change_password_delegate_endpoint_disables_temporary" time="1.322" /><testcase classname="backend.tests.test_temporary_password_delegate_auth.TestTemporaryPasswordDelegateAuth" name="test_reupload_existing_delegate_does_not_reset_password" time="1.619" /><testcase classname="backend.tests.test_temporary_password_delegate_auth.TestTemporaryPasswordDelegateAuth" name="test_regression_admin_delegate_voting_endpoints_still_operational" time="0.639" /></testsuite></testsuites>