<?xml version="1.0" encoding="utf-8"?><testsuites name="pytest tests"><testsuite name="pytest" errors="0" failures="0" skipped="0" tests="7" time="1.849" timestamp="2026-03-25T21:13:31.594171+00:00" hostname="agent-env-bcd23d1c-74ca-4e85-b677-c7f9805de2f1"><testcase classname="backend.tests.test_bootstrap_and_imports_regression.TestBootstrapAndRegression" name="test_public_bootstrap_status" time="0.226" /><testcase classname="backend.tests.test_bootstrap_and_imports_regression.TestBootstrapAndRegression" name="test_bootstrap_initialize_only_when_no_admin" time="0.124" /><testcase classname="backend.tests.test_bootstrap_and_imports_regression.TestBootstrapAndRegression" name="test_admin_login_and_me_regression" time="0.347" /><testcase classname="backend.tests.test_bootstrap_and_imports_regression.TestBootstrapAndRegression" name="test_admin_upload_delegates_and_verify_summary" time="0.118" /><testcase classname="backend.tests.test_bootstrap_and_imports_regression.TestBootstrapAndRegression" name="test_admin_points_bulk_create_and_verify_persistence" time="0.162" /><testcase classname="backend.tests.test_bootstrap_and_imports_regression.TestBootstrapAndRegression" name="test_admin_point_individual_create_and_verify" time="0.156" /><testcase classname="backend.tests.test_bootstrap_and_imports_regression.TestBootstrapAndRegression" name="test_delegate_register_login_and_me_regression" time="0.646" /></testsuite></testsuites>