<?xml version="1.0" encoding="utf-8"?><testsuites name="pytest tests"><testsuite name="pytest" errors="0" failures="0" skipped="0" tests="5" time="1.809" timestamp="2026-03-26T22:30:34.167124+00:00" hostname="agent-env-bcd23d1c-74ca-4e85-b677-c7f9805de2f1"><testcase classname="backend.tests.test_admin_delegate_activity_and_point_edit.TestAdminDelegateActivityAndPointEdit" name="test_admin_can_view_delegate_activity_with_expected_fields" time="1.342" /><testcase classname="backend.tests.test_admin_delegate_activity_and_point_edit.TestAdminDelegateActivityAndPointEdit" name="test_admin_can_edit_point_and_persist_changes" time="0.108" /><testcase classname="backend.tests.test_admin_delegate_activity_and_point_edit.TestAdminDelegateActivityAndPointEdit" name="test_delegate_cannot_access_admin_delegate_activity_endpoint" time="0.055" /><testcase classname="backend.tests.test_admin_delegate_activity_and_point_edit.TestAdminDelegateActivityAndPointEdit" name="test_delegate_cannot_edit_points" time="0.050" /><testcase classname="backend.tests.test_admin_delegate_activity_and_point_edit.TestAdminDelegateActivityAndPointEdit" name="test_unauthenticated_user_cannot_access_admin_activity_or_edit" time="0.100" /></testsuite></testsuites>