<?xml version="1.0" encoding="utf-8"?><testsuites name="pytest tests"><testsuite name="pytest" errors="0" failures="6" skipped="0" tests="23" time="8.627" timestamp="2026-03-25T23:22:52.365115+00:00" hostname="agent-env-bcd23d1c-74ca-4e85-b677-c7f9805de2f1"><testcase classname="backend.tests.test_bootstrap_and_imports_regression.TestBootstrapAndRegression" name="test_public_bootstrap_status" time="0.183" /><testcase classname="backend.tests.test_bootstrap_and_imports_regression.TestBootstrapAndRegression" name="test_bootstrap_initialize_only_when_no_admin" time="0.114" /><testcase classname="backend.tests.test_bootstrap_and_imports_regression.TestBootstrapAndRegression" name="test_admin_login_and_me_regression" time="0.358" /><testcase classname="backend.tests.test_bootstrap_and_imports_regression.TestBootstrapAndRegression" name="test_admin_upload_delegates_and_verify_summary" time="0.589" /><testcase classname="backend.tests.test_bootstrap_and_imports_regression.TestBootstrapAndRegression" name="test_admin_points_bulk_create_and_verify_persistence" time="0.156" /><testcase classname="backend.tests.test_bootstrap_and_imports_regression.TestBootstrapAndRegression" name="test_admin_point_individual_create_and_verify" time="0.142" /><testcase classname="backend.tests.test_bootstrap_and_imports_regression.TestBootstrapAndRegression" name="test_delegate_register_login_and_me_regression" time="0.322"><failure message="assert 400 == 200&#10; +  where 400 = &lt;Response [400]&gt;.status_code">backend/tests/test_bootstrap_and_imports_regression.py:284: in test_delegate_register_login_and_me_regression
    assert register_res.status_code == 200
E   assert 400 == 200
E    +  where 400 = &lt;Response [400]&gt;.status_code</failure></testcase><testcase classname="backend.tests.test_public_point_and_final_report.TestPublicPointAndFinalReport" name="test_public_result_by_point_success" time="0.455" /><testcase classname="backend.tests.test_public_point_and_final_report.TestPublicPointAndFinalReport" name="test_public_result_by_point_not_found" time="0.052" /><testcase classname="backend.tests.test_public_point_and_final_report.TestPublicPointAndFinalReport" name="test_final_report_requires_admin_auth" time="0.071" /><testcase classname="backend.tests.test_public_point_and_final_report.TestPublicPointAndFinalReport" name="test_final_report_data_schema_and_labels" time="0.057" /><testcase classname="backend.tests.test_temporary_password_delegate_auth.TestTemporaryPasswordDelegateAuth" name="test_new_delegate_login_with_temp_password_and_flag" time="0.891" /><testcase classname="backend.tests.test_temporary_password_delegate_auth.TestTemporaryPasswordDelegateAuth" name="test_change_password_delegate_endpoint_disables_temporary" time="1.337" /><testcase classname="backend.tests.test_temporary_password_delegate_auth.TestTemporaryPasswordDelegateAuth" name="test_reupload_existing_delegate_does_not_reset_password" time="1.653" /><testcase classname="backend.tests.test_temporary_password_delegate_auth.TestTemporaryPasswordDelegateAuth" name="test_regression_admin_delegate_voting_endpoints_still_operational" time="0.643" /><testcase classname="backend.tests.test_voting_mvp_api.TestVotingMVP" name="test_admin_login_and_profile" time="0.474" /><testcase classname="backend.tests.test_voting_mvp_api.TestVotingMVP" name="test_upload_delegate_padron" time="0.285" /><testcase classname="backend.tests.test_voting_mvp_api.TestVotingMVP" name="test_register_delegate" time="0.053"><failure message="assert 400 == 200&#10; +  where 400 = &lt;Response [400]&gt;.status_code">backend/tests/test_voting_mvp_api.py:109: in test_register_delegate
    assert register_res.status_code == 200
E   assert 400 == 200
E    +  where 400 = &lt;Response [400]&gt;.status_code</failure></testcase><testcase classname="backend.tests.test_voting_mvp_api.TestVotingMVP" name="test_delegate_login_and_profile" time="0.273"><failure message="assert 401 == 200&#10; +  where 401 = &lt;Response [401]&gt;.status_code">backend/tests/test_voting_mvp_api.py:122: in test_delegate_login_and_profile
    assert login_res.status_code == 200
E   assert 401 == 200
E    +  where 401 = &lt;Response [401]&gt;.status_code</failure></testcase><testcase classname="backend.tests.test_voting_mvp_api.TestVotingMVP" name="test_create_open_list_close_point_flow" time="0.182" /><testcase classname="backend.tests.test_voting_mvp_api.TestVotingMVP" name="test_delegate_active_point_and_single_vote_rule" time="0.052"><failure message="assert 401 == 200&#10; +  where 401 = &lt;Response [401]&gt;.status_code">backend/tests/test_voting_mvp_api.py:177: in test_delegate_active_point_and_single_vote_rule
    assert active_res.status_code == 200
E   assert 401 == 200
E    +  where 401 = &lt;Response [401]&gt;.status_code</failure></testcase><testcase classname="backend.tests.test_voting_mvp_api.TestVotingMVP" name="test_live_and_public_results" time="0.104"><failure message="assert 0 &gt;= 1">backend/tests/test_voting_mvp_api.py:213: in test_live_and_public_results
    assert target["results"]["aprobado"] &gt;= 1
E   assert 0 &gt;= 1</failure></testcase><testcase classname="backend.tests.test_voting_mvp_api.TestVotingMVP" name="test_directiva_results_and_close_point" time="0.059"><failure message="AssertionError: assert (True and 0 &gt;= 1)&#10; +  where True = isinstance([], list)&#10; +    where [] = &lt;built-in method get of dict object at 0xfefa948bdc00&gt;('votes')&#10; +      where &lt;built-in method get of dict object at 0xfefa948bdc00&gt; = {'choice_labels': {'abstencion': '3. Abstención', 'aprobado': '1. Aprobado', 'en_blanco': '4. Voto en blanco', 'no_aprobado': '2. No aprobado'}, 'has_data': True, 'point': {'closed_at': None, 'created_at': '2026-03-25T23:23:00.612235+00:00', 'description': 'TEST Aprobación del presupuesto anual', 'id': 'ede31cd5-1a24-40ff-95a3-8eb7226cd44c', ...}, 'stats': {'registrados': 19, 'total_in_padron': 29, 'votaron_este_punto': 0}, ...}.get&#10; +  and   0 = len([])">backend/tests/test_voting_mvp_api.py:225: in test_directiva_results_and_close_point
    assert isinstance(directiva_data.get("votes"), list) and len(directiva_data["votes"]) &gt;= 1
E   AssertionError: assert (True and 0 &gt;= 1)
E    +  where True = isinstance([], list)
E    +    where [] = &lt;built-in method get of dict object at 0xfefa948bdc00&gt;('votes')
E    +      where &lt;built-in method get of dict object at 0xfefa948bdc00&gt; = {'choice_labels': {'abstencion': '3. Abstención', 'aprobado': '1. Aprobado', 'en_blanco': '4. Voto en blanco', 'no_aprobado': '2. No aprobado'}, 'has_data': True, 'point': {'closed_at': None, 'created_at': '2026-03-25T23:23:00.612235+00:00', 'description': 'TEST Aprobación del presupuesto anual', 'id': 'ede31cd5-1a24-40ff-95a3-8eb7226cd44c', ...}, 'stats': {'registrados': 19, 'total_in_padron': 29, 'votaron_este_punto': 0}, ...}.get
E    +  and   0 = len([])</failure></testcase></testsuite></testsuites>